-------------------------------------------------------------------------------
Test set: com.course.microservice.hrworker.hrworker.HrWorkerApplicationTests
-------------------------------------------------------------------------------
Tests run: 1, Failures: 0, Errors: 1, Skipped: 0, Time elapsed: 6.199 s <<< FAILURE! - in com.course.microservice.hrworker.hrworker.HrWorkerApplicationTests
contextLoads  Time elapsed: 0.001 s  <<< ERROR!
java.lang.IllegalStateException: Failed to load ApplicationContext
Caused by: org.springframework.beans.factory.BeanCreationException: Error creating bean with name 'workerResource': Injection of autowired dependencies failed; nested exception is java.lang.IllegalArgumentException: Could not resolve placeholder 'test.config' in value "${test.config}"
Caused by: java.lang.IllegalArgumentException: Could not resolve placeholder 'test.config' in value "${test.config}"

